2025-05-13 23:23:55 [INFO] FAIcial - Flask 앱 실행 시작
2025-05-13 23:23:55 [INFO] FAIcial - Flask 앱 실행 시작
2025-05-13 23:24:04 [INFO] FAIcial - 분석 요청 수신됨
2025-05-13 23:24:04 [DEBUG] FAIcial - 얼굴 랜드마크 추출 시도
2025-05-13 23:24:04 [DEBUG] FAIcial - 이미지 바이트 수신 및 디코딩 시도
2025-05-13 23:24:04 [DEBUG] FAIcial - OpenCV 이미지 디코딩 성공
2025-05-13 23:24:04 [DEBUG] FAIcial - 얼굴 랜드마크 감지 성공
2025-05-13 23:24:04 [DEBUG] FAIcial - 랜드마크 수: 478
2025-05-13 23:24:04 [DEBUG] FAIcial - 대칭률 계산 시작
2025-05-13 23:24:04 [DEBUG] FAIcial - 총 대칭률 점수: 79.49
2025-05-13 23:24:04 [DEBUG] FAIcial - 부위별 대칭률 점수: {'eyes': np.float64(87.64), 'mouth': np.float64(73.96), 'jaw': np.float64(76.88)}
2025-05-13 23:24:04 [DEBUG] FAIcial - 결과 이미지 시각화 시작
2025-05-13 23:24:04 [INFO] FAIcial - 결과 이미지 저장됨: outputs/result_20250513_232404.png
2025-05-13 23:24:04 [INFO] FAIcial - 분석 성공 및 응답 반환
2025-05-13 23:24:08 [INFO] FAIcial - 분석 요청 수신됨
2025-05-13 23:24:08 [DEBUG] FAIcial - 얼굴 랜드마크 추출 시도
2025-05-13 23:24:08 [DEBUG] FAIcial - 이미지 바이트 수신 및 디코딩 시도
2025-05-13 23:24:08 [DEBUG] FAIcial - OpenCV 이미지 디코딩 성공
2025-05-13 23:24:08 [DEBUG] FAIcial - 얼굴 랜드마크 감지 성공
2025-05-13 23:24:08 [DEBUG] FAIcial - 랜드마크 수: 478
2025-05-13 23:24:08 [DEBUG] FAIcial - 대칭률 계산 시작
2025-05-13 23:24:08 [DEBUG] FAIcial - 총 대칭률 점수: 12.49
2025-05-13 23:24:08 [DEBUG] FAIcial - 부위별 대칭률 점수: {'eyes': np.float64(24.29), 'mouth': 0, 'jaw': np.float64(20.81)}
2025-05-13 23:24:08 [DEBUG] FAIcial - 결과 이미지 시각화 시작
2025-05-13 23:24:09 [INFO] FAIcial - 결과 이미지 저장됨: outputs/result_20250513_232409.png
2025-05-13 23:24:09 [INFO] FAIcial - 분석 성공 및 응답 반환
2025-05-13 23:24:14 [INFO] FAIcial - 분석 요청 수신됨
2025-05-13 23:24:14 [DEBUG] FAIcial - 얼굴 랜드마크 추출 시도
2025-05-13 23:24:14 [DEBUG] FAIcial - 이미지 바이트 수신 및 디코딩 시도
2025-05-13 23:24:14 [DEBUG] FAIcial - OpenCV 이미지 디코딩 성공
2025-05-13 23:24:14 [DEBUG] FAIcial - 얼굴 랜드마크 감지 성공
2025-05-13 23:24:14 [DEBUG] FAIcial - 랜드마크 수: 478
2025-05-13 23:24:14 [DEBUG] FAIcial - 대칭률 계산 시작
2025-05-13 23:24:14 [DEBUG] FAIcial - 총 대칭률 점수: 41.01
2025-05-13 23:24:14 [DEBUG] FAIcial - 부위별 대칭률 점수: {'eyes': np.float64(65.93), 'mouth': np.float64(27.6), 'jaw': np.float64(29.51)}
2025-05-13 23:24:14 [DEBUG] FAIcial - 결과 이미지 시각화 시작
2025-05-13 23:24:15 [INFO] FAIcial - 결과 이미지 저장됨: outputs/result_20250513_232414.png
2025-05-13 23:24:16 [INFO] FAIcial - 분석 성공 및 응답 반환
2025-05-13 23:24:22 [INFO] FAIcial - 분석 요청 수신됨
2025-05-13 23:24:22 [DEBUG] FAIcial - 얼굴 랜드마크 추출 시도
2025-05-13 23:24:22 [DEBUG] FAIcial - 이미지 바이트 수신 및 디코딩 시도
2025-05-13 23:24:22 [DEBUG] FAIcial - OpenCV 이미지 디코딩 성공
2025-05-13 23:24:22 [DEBUG] FAIcial - 얼굴 랜드마크 감지 성공
2025-05-13 23:24:22 [DEBUG] FAIcial - 랜드마크 수: 478
2025-05-13 23:24:22 [DEBUG] FAIcial - 대칭률 계산 시작
2025-05-13 23:24:22 [DEBUG] FAIcial - 총 대칭률 점수: 11.65
2025-05-13 23:24:22 [DEBUG] FAIcial - 부위별 대칭률 점수: {'eyes': 0, 'mouth': np.float64(5.62), 'jaw': np.float64(34.05)}
2025-05-13 23:24:22 [DEBUG] FAIcial - 결과 이미지 시각화 시작
2025-05-13 23:24:22 [INFO] FAIcial - 결과 이미지 저장됨: outputs/result_20250513_232422.png
2025-05-13 23:24:23 [INFO] FAIcial - 분석 성공 및 응답 반환
