2025-05-19 17:59:01 [INFO] FAIcial - Flask 앱 실행 시작
2025-05-19 17:59:02 [INFO] FAIcial - Flask 앱 실행 시작
2025-05-19 18:01:25 [INFO] FAIcial - Flask 앱 실행 시작
2025-05-19 18:01:26 [INFO] FAIcial - Flask 앱 실행 시작
2025-05-19 18:01:32 [INFO] FAIcial - 분석 요청 수신됨
2025-05-19 18:01:32 [DEBUG] FAIcial - 얼굴 랜드마크 추출 시도
2025-05-19 18:01:32 [DEBUG] FAIcial - 이미지 바이트 수신 및 디코딩 시도
2025-05-19 18:01:32 [DEBUG] FAIcial - OpenCV 이미지 디코딩 성공
2025-05-19 18:01:32 [DEBUG] FAIcial - 얼굴 랜드마크 감지 성공
2025-05-19 18:01:32 [DEBUG] FAIcial - 랜드마크 수: 478
2025-05-19 18:01:32 [DEBUG] FAIcial - 대칭률 계산 시작
2025-05-19 18:01:32 [DEBUG] FAIcial - 총 대칭률 점수: 87.23
2025-05-19 18:01:32 [DEBUG] FAIcial - 부위별 대칭률 점수: {'eyes': 94.49, 'mouth': 97.51, 'jaw': 69.7}
2025-05-19 18:01:32 [DEBUG] FAIcial - 결과 이미지 시각화 시작
2025-05-19 18:01:32 [INFO] FAIcial - 분석 성공 및 응답 반환
2025-05-19 18:01:32 [INFO] FAIcial - 결과 이미지 Base64 생성 및 전송 완료
2025-05-19 18:05:23 [INFO] FAIcial - 분석 요청 수신됨
2025-05-19 18:05:23 [WARNING] FAIcial - 요청에 이미지 파일 없음
2025-05-19 18:08:41 [INFO] FAIcial - 분석 요청 수신됨
2025-05-19 18:08:41 [DEBUG] FAIcial - 얼굴 랜드마크 추출 시도
2025-05-19 18:08:41 [DEBUG] FAIcial - 이미지 바이트 수신 및 디코딩 시도
2025-05-19 18:08:41 [DEBUG] FAIcial - OpenCV 이미지 디코딩 성공
2025-05-19 18:08:41 [DEBUG] FAIcial - 얼굴 랜드마크 감지 성공
2025-05-19 18:08:41 [DEBUG] FAIcial - 랜드마크 수: 478
2025-05-19 18:08:41 [DEBUG] FAIcial - 대칭률 계산 시작
2025-05-19 18:08:41 [DEBUG] FAIcial - 총 대칭률 점수: 11.65
2025-05-19 18:08:41 [DEBUG] FAIcial - 부위별 대칭률 점수: {'eyes': 0, 'mouth': 5.62, 'jaw': 34.05}
2025-05-19 18:08:41 [DEBUG] FAIcial - 결과 이미지 시각화 시작
2025-05-19 18:08:41 [INFO] FAIcial - 분석 성공 및 응답 반환
2025-05-19 18:08:41 [INFO] FAIcial - 결과 이미지 Base64 생성 및 전송 완료
