2025-05-16 00:44:35 [INFO] FAIcial - Flask 앱 실행 시작
2025-05-16 00:44:35 [INFO] FAIcial - Flask 앱 실행 시작
2025-05-16 00:44:39 [INFO] FAIcial - 분석 요청 수신됨
2025-05-16 00:44:39 [DEBUG] FAIcial - 얼굴 랜드마크 추출 시도
2025-05-16 00:44:39 [DEBUG] FAIcial - 이미지 바이트 수신 및 디코딩 시도
2025-05-16 00:44:39 [DEBUG] FAIcial - OpenCV 이미지 디코딩 성공
2025-05-16 00:44:39 [DEBUG] FAIcial - 얼굴 랜드마크 감지 성공
2025-05-16 00:44:39 [DEBUG] FAIcial - 랜드마크 수: 478
2025-05-16 00:44:39 [DEBUG] FAIcial - 대칭률 계산 시작
2025-05-16 00:44:39 [DEBUG] FAIcial - 총 대칭률 점수: 67.22
2025-05-16 00:44:39 [DEBUG] FAIcial - 부위별 대칭률 점수: {'eyes': np.float64(63.28), 'mouth': np.float64(52.64), 'jaw': np.float64(85.76)}
2025-05-16 00:44:39 [DEBUG] FAIcial - 결과 이미지 시각화 시작
2025-05-16 00:44:39 [INFO] FAIcial - 결과 이미지 저장됨: outputs/20250516/result_20250516_004439.png
2025-05-16 00:44:39 [INFO] FAIcial - 분석 성공 및 응답 반환
2025-05-16 00:45:19 [INFO] FAIcial - 분석 요청 수신됨
2025-05-16 00:45:19 [DEBUG] FAIcial - 얼굴 랜드마크 추출 시도
2025-05-16 00:45:19 [DEBUG] FAIcial - 이미지 바이트 수신 및 디코딩 시도
2025-05-16 00:45:19 [DEBUG] FAIcial - OpenCV 이미지 디코딩 성공
2025-05-16 00:45:19 [DEBUG] FAIcial - 얼굴 랜드마크 감지 성공
2025-05-16 00:45:19 [DEBUG] FAIcial - 랜드마크 수: 478
2025-05-16 00:45:19 [DEBUG] FAIcial - 대칭률 계산 시작
2025-05-16 00:45:19 [DEBUG] FAIcial - 총 대칭률 점수: 87.23
2025-05-16 00:45:19 [DEBUG] FAIcial - 부위별 대칭률 점수: {'eyes': np.float64(94.49), 'mouth': np.float64(97.51), 'jaw': np.float64(69.7)}
2025-05-16 00:45:19 [DEBUG] FAIcial - 결과 이미지 시각화 시작
2025-05-16 00:45:19 [INFO] FAIcial - 결과 이미지 저장됨: outputs/20250516/result_20250516_004519.png
2025-05-16 00:45:20 [INFO] FAIcial - 분석 성공 및 응답 반환
2025-05-16 00:45:26 [INFO] FAIcial - 분석 요청 수신됨
2025-05-16 00:45:26 [DEBUG] FAIcial - 얼굴 랜드마크 추출 시도
2025-05-16 00:45:26 [DEBUG] FAIcial - 이미지 바이트 수신 및 디코딩 시도
2025-05-16 00:45:26 [DEBUG] FAIcial - OpenCV 이미지 디코딩 성공
2025-05-16 00:45:26 [DEBUG] FAIcial - 얼굴 랜드마크 감지 성공
2025-05-16 00:45:26 [DEBUG] FAIcial - 랜드마크 수: 478
2025-05-16 00:45:26 [DEBUG] FAIcial - 대칭률 계산 시작
2025-05-16 00:45:26 [DEBUG] FAIcial - 총 대칭률 점수: 81.71
2025-05-16 00:45:26 [DEBUG] FAIcial - 부위별 대칭률 점수: {'eyes': np.float64(87.14), 'mouth': np.float64(91.63), 'jaw': np.float64(66.36)}
2025-05-16 00:45:26 [DEBUG] FAIcial - 결과 이미지 시각화 시작
2025-05-16 00:45:26 [INFO] FAIcial - 결과 이미지 저장됨: outputs/20250516/result_20250516_004526.png
2025-05-16 00:45:26 [INFO] FAIcial - 분석 성공 및 응답 반환
2025-05-16 00:46:25 [INFO] FAIcial - 분석 요청 수신됨
2025-05-16 00:46:25 [DEBUG] FAIcial - 얼굴 랜드마크 추출 시도
2025-05-16 00:46:25 [DEBUG] FAIcial - 이미지 바이트 수신 및 디코딩 시도
2025-05-16 00:46:25 [DEBUG] FAIcial - OpenCV 이미지 디코딩 성공
2025-05-16 00:46:25 [DEBUG] FAIcial - 얼굴 랜드마크 감지 성공
2025-05-16 00:46:25 [DEBUG] FAIcial - 랜드마크 수: 478
2025-05-16 00:46:25 [DEBUG] FAIcial - 대칭률 계산 시작
2025-05-16 00:46:25 [DEBUG] FAIcial - 총 대칭률 점수: 11.65
2025-05-16 00:46:25 [DEBUG] FAIcial - 부위별 대칭률 점수: {'eyes': 0, 'mouth': np.float64(5.62), 'jaw': np.float64(34.05)}
2025-05-16 00:46:25 [DEBUG] FAIcial - 결과 이미지 시각화 시작
2025-05-16 00:46:25 [INFO] FAIcial - 결과 이미지 저장됨: outputs/20250516/result_20250516_004625.png
2025-05-16 00:46:25 [INFO] FAIcial - 분석 성공 및 응답 반환
2025-05-16 19:01:47 [INFO] FAIcial - Flask 앱 실행 시작
2025-05-16 19:01:47 [INFO] FAIcial - Flask 앱 실행 시작
2025-05-16 19:01:56 [INFO] FAIcial - 분석 요청 수신됨
2025-05-16 19:01:56 [DEBUG] FAIcial - 얼굴 랜드마크 추출 시도
2025-05-16 19:01:56 [DEBUG] FAIcial - 이미지 바이트 수신 및 디코딩 시도
2025-05-16 19:01:56 [DEBUG] FAIcial - OpenCV 이미지 디코딩 성공
2025-05-16 19:01:57 [DEBUG] FAIcial - 얼굴 랜드마크 감지 성공
2025-05-16 19:01:57 [DEBUG] FAIcial - 랜드마크 수: 478
2025-05-16 19:01:57 [DEBUG] FAIcial - 대칭률 계산 시작
2025-05-16 19:01:57 [DEBUG] FAIcial - 총 대칭률 점수: 87.23
2025-05-16 19:01:57 [DEBUG] FAIcial - 부위별 대칭률 점수: {'eyes': np.float64(94.49), 'mouth': np.float64(97.51), 'jaw': np.float64(69.7)}
2025-05-16 19:01:57 [DEBUG] FAIcial - 결과 이미지 시각화 시작
2025-05-16 19:01:57 [INFO] FAIcial - 결과 이미지 저장됨: outputs/20250516/result_20250516_190157.png
2025-05-16 19:01:57 [INFO] FAIcial - 분석 성공 및 응답 반환
2025-05-16 19:02:19 [INFO] FAIcial - Flask 앱 실행 시작