2025-05-05 08:30:06 [INFO] FAIcial - Flask 앱 실행 시작
2025-05-05 08:30:07 [INFO] FAIcial - Flask 앱 실행 시작
2025-05-05 08:30:18 [INFO] FAIcial - 분석 요청 수신됨
2025-05-05 08:30:18 [DEBUG] FAIcial - 얼굴 랜드마크 추출 시도
2025-05-05 08:30:18 [DEBUG] FAIcial - 이미지 바이트 수신 및 디코딩 시도
2025-05-05 08:30:18 [ERROR] FAIcial - 이미지 디코딩 실패: 유효하지 않은 이미지
2025-05-05 08:30:18 [ERROR] FAIcial - 분석 중 예외 발생
Traceback (most recent call last):
  File "/Users/kogun/Desktop/FAIcial_AI/app.py", line 26, in analyze
    landmarks, image = detect_landmarks(image_bytes)
  File "/Users/kogun/Desktop/FAIcial_AI/analyzer/detect_face.py", line 17, in detect_landmarks
    raise ValueError("Invalid image data")
ValueError: Invalid image data
2025-05-05 08:31:21 [INFO] FAIcial - Flask 앱 실행 시작
2025-05-05 08:31:23 [INFO] FAIcial - Flask 앱 실행 시작
2025-05-05 08:31:25 [INFO] FAIcial - Flask 앱 실행 시작
2025-05-05 08:31:27 [INFO] FAIcial - Flask 앱 실행 시작
2025-05-05 08:32:23 [INFO] FAIcial - Flask 앱 실행 시작
2025-05-05 08:32:53 [INFO] FAIcial - 분석 요청 수신됨
2025-05-05 08:32:53 [DEBUG] FAIcial - 얼굴 랜드마크 추출 시도
2025-05-05 08:32:53 [DEBUG] FAIcial - 이미지 바이트 수신 및 디코딩 시도
2025-05-05 08:32:53 [ERROR] FAIcial - 이미지 디코딩 실패: 유효하지 않은 이미지
2025-05-05 08:32:53 [ERROR] FAIcial - 분석 중 예외 발생
Traceback (most recent call last):
  File "/Users/kogun/Desktop/FAIcial_AI/app.py", line 26, in analyze
    landmarks, image = detect_landmarks(image_bytes)
  File "/Users/kogun/Desktop/FAIcial_AI/analyzer/detect_face.py", line 17, in detect_landmarks
    raise ValueError("Invalid image data")
ValueError: Invalid image data
2025-05-05 08:40:31 [INFO] FAIcial - Flask 앱 실행 시작
2025-05-05 08:40:32 [INFO] FAIcial - Flask 앱 실행 시작
2025-05-05 08:40:38 [INFO] FAIcial - 분석 요청 수신됨
2025-05-05 08:40:38 [DEBUG] FAIcial - 얼굴 랜드마크 추출 시도
2025-05-05 08:40:38 [DEBUG] FAIcial - 이미지 바이트 수신 및 디코딩 시도
2025-05-05 08:40:38 [ERROR] FAIcial - 이미지 디코딩 실패: 유효하지 않은 이미지
2025-05-05 08:40:38 [ERROR] FAIcial - 분석 중 예외 발생
Traceback (most recent call last):
  File "/Users/kogun/Desktop/FAIcial_AI/app.py", line 26, in analyze
    landmarks, image = detect_landmarks(image_bytes)
  File "/Users/kogun/Desktop/FAIcial_AI/analyzer/detect_face.py", line 17, in detect_landmarks
    raise ValueError("Invalid image data")
ValueError: Invalid image data
2025-05-05 08:55:50 [INFO] FAIcial - 분석 요청 수신됨
2025-05-05 08:55:50 [DEBUG] FAIcial - 얼굴 랜드마크 추출 시도
2025-05-05 08:55:50 [DEBUG] FAIcial - 이미지 바이트 수신 및 디코딩 시도
2025-05-05 08:55:50 [ERROR] FAIcial - 분석 중 예외 발생
Traceback (most recent call last):
  File "/Users/kogun/Desktop/FAIcial_AI/app.py", line 26, in analyze
    landmarks, image = detect_landmarks(image_bytes)
  File "/Users/kogun/Desktop/FAIcial_AI/analyzer/detect_face.py", line 13, in detect_landmarks
    image_bgr = cv2.imdecode(image_array, cv2.IMREAD_COLOR)
cv2.error: OpenCV(4.11.0) /Users/xperience/GHA-Actions-OpenCV/_work/opencv-python/opencv-python/opencv/modules/imgcodecs/src/loadsave.cpp:993: error: (-215:Assertion failed) !buf.empty() in function 'imdecode_'

2025-05-05 09:00:48 [INFO] FAIcial - 분석 요청 수신됨
2025-05-05 09:00:48 [DEBUG] FAIcial - 얼굴 랜드마크 추출 시도
2025-05-05 09:00:48 [DEBUG] FAIcial - 이미지 바이트 수신 및 디코딩 시도
2025-05-05 09:00:48 [DEBUG] FAIcial - OpenCV 이미지 디코딩 성공
2025-05-05 09:00:48 [DEBUG] FAIcial - 얼굴 랜드마크 감지 성공
2025-05-05 09:00:48 [DEBUG] FAIcial - 랜드마크 수: 478
2025-05-05 09:00:48 [DEBUG] FAIcial - 대칭률 계산 시작
2025-05-05 09:00:48 [DEBUG] FAIcial - 총 대칭률 점수: 87.4
2025-05-05 09:00:48 [DEBUG] FAIcial - 부위별 대칭률 점수: {'eyes': np.float64(93.47), 'mouth': np.float64(91.98), 'jaw': np.float64(76.73)}
2025-05-05 09:00:48 [INFO] FAIcial - 분석 성공 및 응답 반환
2025-05-05 14:49:47 [INFO] FAIcial - Flask 앱 실행 시작
2025-05-05 14:49:48 [INFO] FAIcial - Flask 앱 실행 시작
2025-05-05 14:49:51 [INFO] FAIcial - 분석 요청 수신됨
2025-05-05 14:49:51 [DEBUG] FAIcial - 얼굴 랜드마크 추출 시도
2025-05-05 14:49:51 [DEBUG] FAIcial - 이미지 바이트 수신 및 디코딩 시도
2025-05-05 14:49:51 [DEBUG] FAIcial - OpenCV 이미지 디코딩 성공
2025-05-05 14:49:51 [DEBUG] FAIcial - 얼굴 랜드마크 감지 성공
2025-05-05 14:49:51 [DEBUG] FAIcial - 랜드마크 수: 478
2025-05-05 14:49:51 [DEBUG] FAIcial - 대칭률 계산 시작
2025-05-05 14:49:51 [DEBUG] FAIcial - 총 대칭률 점수: 87.4
2025-05-05 14:49:51 [DEBUG] FAIcial - 부위별 대칭률 점수: {'eyes': np.float64(93.47), 'mouth': np.float64(91.98), 'jaw': np.float64(76.73)}
2025-05-05 14:49:51 [INFO] FAIcial - 분석 성공 및 응답 반환
2025-05-05 15:01:10 [INFO] FAIcial - Flask 앱 실행 시작
2025-05-05 15:06:20 [INFO] FAIcial - Flask 앱 실행 시작
2025-05-05 15:06:20 [INFO] FAIcial - Flask 앱 실행 시작
2025-05-05 15:06:25 [INFO] FAIcial - 분석 요청 수신됨
2025-05-05 15:06:25 [DEBUG] FAIcial - 얼굴 랜드마크 추출 시도
2025-05-05 15:06:25 [DEBUG] FAIcial - 이미지 바이트 수신 및 디코딩 시도
2025-05-05 15:06:25 [DEBUG] FAIcial - OpenCV 이미지 디코딩 성공
2025-05-05 15:06:25 [DEBUG] FAIcial - 얼굴 랜드마크 감지 성공
2025-05-05 15:06:25 [DEBUG] FAIcial - 랜드마크 수: 478
2025-05-05 15:06:25 [DEBUG] FAIcial - 대칭률 계산 시작
2025-05-05 15:06:25 [DEBUG] FAIcial - 총 대칭률 점수: 87.4
2025-05-05 15:06:25 [DEBUG] FAIcial - 부위별 대칭률 점수: {'eyes': np.float64(93.47), 'mouth': np.float64(91.98), 'jaw': np.float64(76.73)}
2025-05-05 15:06:25 [INFO] FAIcial - 분석 성공 및 응답 반환
2025-05-05 15:14:08 [INFO] FAIcial - Flask 앱 실행 시작
2025-05-05 15:14:08 [INFO] FAIcial - Flask 앱 실행 시작
2025-05-05 15:14:12 [INFO] FAIcial - 분석 요청 수신됨
2025-05-05 15:14:12 [DEBUG] FAIcial - 얼굴 랜드마크 추출 시도
2025-05-05 15:14:12 [DEBUG] FAIcial - 이미지 바이트 수신 및 디코딩 시도
2025-05-05 15:14:12 [DEBUG] FAIcial - OpenCV 이미지 디코딩 성공
2025-05-05 15:14:12 [DEBUG] FAIcial - 얼굴 랜드마크 감지 성공
2025-05-05 15:14:12 [DEBUG] FAIcial - 랜드마크 수: 478
2025-05-05 15:14:12 [DEBUG] FAIcial - 대칭률 계산 시작
2025-05-05 15:14:12 [DEBUG] FAIcial - 총 대칭률 점수: 87.4
2025-05-05 15:14:12 [DEBUG] FAIcial - 부위별 대칭률 점수: {'eyes': np.float64(93.47), 'mouth': np.float64(91.98), 'jaw': np.float64(76.73)}
2025-05-05 15:14:12 [DEBUG] FAIcial - 결과 이미지 시각화 시작
2025-05-05 15:14:12 [INFO] FAIcial - 결과 이미지 저장됨: outputs/result_20250505_151412.png
2025-05-05 15:14:12 [INFO] FAIcial - 분석 성공 및 응답 반환
2025-05-05 15:15:05 [INFO] FAIcial - Flask 앱 실행 시작
2025-05-05 21:06:28 [INFO] FAIcial - Flask 앱 실행 시작
2025-05-05 21:06:29 [INFO] FAIcial - Flask 앱 실행 시작
2025-05-05 21:06:31 [INFO] FAIcial - 분석 요청 수신됨
2025-05-05 21:06:31 [DEBUG] FAIcial - 얼굴 랜드마크 추출 시도
2025-05-05 21:06:31 [DEBUG] FAIcial - 이미지 바이트 수신 및 디코딩 시도
2025-05-05 21:06:31 [DEBUG] FAIcial - OpenCV 이미지 디코딩 성공
2025-05-05 21:06:31 [DEBUG] FAIcial - 얼굴 랜드마크 감지 성공
2025-05-05 21:06:31 [DEBUG] FAIcial - 랜드마크 수: 478
2025-05-05 21:06:31 [DEBUG] FAIcial - 대칭률 계산 시작
2025-05-05 21:06:31 [DEBUG] FAIcial - 총 대칭률 점수: 87.4
2025-05-05 21:06:31 [DEBUG] FAIcial - 부위별 대칭률 점수: {'eyes': np.float64(93.47), 'mouth': np.float64(91.98), 'jaw': np.float64(76.73)}
2025-05-05 21:06:31 [DEBUG] FAIcial - 결과 이미지 시각화 시작
2025-05-05 21:06:31 [INFO] FAIcial - 결과 이미지 저장됨: outputs/result_20250505_210631.png
2025-05-05 21:06:31 [INFO] FAIcial - 분석 성공 및 응답 반환
