2025-05-15 00:01:43 [INFO] FAIcial - Flask 앱 실행 시작
2025-05-15 00:01:45 [INFO] FAIcial - 분석 요청 수신됨
2025-05-15 00:01:45 [DEBUG] FAIcial - 얼굴 랜드마크 추출 시도
2025-05-15 00:01:45 [DEBUG] FAIcial - 이미지 바이트 수신 및 디코딩 시도
2025-05-15 00:01:45 [DEBUG] FAIcial - OpenCV 이미지 디코딩 성공
2025-05-15 00:01:45 [DEBUG] FAIcial - 얼굴 랜드마크 감지 성공
2025-05-15 00:01:45 [DEBUG] FAIcial - 랜드마크 수: 478
2025-05-15 00:01:45 [DEBUG] FAIcial - 대칭률 계산 시작
2025-05-15 00:01:45 [DEBUG] FAIcial - 총 대칭률 점수: 11.65
2025-05-15 00:01:45 [DEBUG] FAIcial - 부위별 대칭률 점수: {'eyes': 0, 'mouth': np.float64(5.62), 'jaw': np.float64(34.05)}
2025-05-15 00:01:45 [DEBUG] FAIcial - 결과 이미지 시각화 시작
2025-05-15 00:01:45 [INFO] FAIcial - 결과 이미지 저장됨: outputs/result_20250515_000145.png
2025-05-15 00:01:45 [INFO] FAIcial - 분석 성공 및 응답 반환
2025-05-15 00:04:05 [INFO] FAIcial - Flask 앱 실행 시작
2025-05-15 00:04:09 [INFO] FAIcial - 분석 요청 수신됨
2025-05-15 00:04:09 [DEBUG] FAIcial - 얼굴 랜드마크 추출 시도
2025-05-15 00:04:09 [DEBUG] FAIcial - 이미지 바이트 수신 및 디코딩 시도
2025-05-15 00:04:09 [DEBUG] FAIcial - OpenCV 이미지 디코딩 성공
2025-05-15 00:04:10 [DEBUG] FAIcial - 얼굴 랜드마크 감지 성공
2025-05-15 00:04:10 [DEBUG] FAIcial - 랜드마크 수: 478
2025-05-15 00:04:10 [DEBUG] FAIcial - 대칭률 계산 시작
2025-05-15 00:04:10 [DEBUG] FAIcial - 총 대칭률 점수: 11.65
2025-05-15 00:04:10 [DEBUG] FAIcial - 부위별 대칭률 점수: {'eyes': 0, 'mouth': np.float64(5.62), 'jaw': np.float64(34.05)}
2025-05-15 00:04:10 [DEBUG] FAIcial - 결과 이미지 시각화 시작
2025-05-15 00:04:10 [INFO] FAIcial - 결과 이미지 저장됨: outputs/result_20250515_000410.png
2025-05-15 00:04:10 [INFO] FAIcial - 분석 성공 및 응답 반환
2025-05-15 00:07:31 [INFO] FAIcial - Flask 앱 실행 시작
2025-05-15 00:07:33 [INFO] FAIcial - 분석 요청 수신됨
2025-05-15 00:07:33 [DEBUG] FAIcial - 얼굴 랜드마크 추출 시도
2025-05-15 00:07:33 [DEBUG] FAIcial - 이미지 바이트 수신 및 디코딩 시도
2025-05-15 00:07:33 [DEBUG] FAIcial - OpenCV 이미지 디코딩 성공
2025-05-15 00:07:33 [DEBUG] FAIcial - 얼굴 랜드마크 감지 성공
2025-05-15 00:07:33 [DEBUG] FAIcial - 랜드마크 수: 478
2025-05-15 00:07:33 [DEBUG] FAIcial - 대칭률 계산 시작
2025-05-15 00:07:33 [DEBUG] FAIcial - 총 대칭률 점수: 11.65
2025-05-15 00:07:33 [DEBUG] FAIcial - 부위별 대칭률 점수: {'eyes': 0, 'mouth': np.float64(5.62), 'jaw': np.float64(34.05)}
2025-05-15 00:07:33 [DEBUG] FAIcial - 결과 이미지 시각화 시작
2025-05-15 00:07:33 [INFO] FAIcial - 결과 이미지 저장됨: outputs/result_20250515_000733.png
2025-05-15 00:07:33 [INFO] FAIcial - 분석 성공 및 응답 반환
2025-05-15 00:07:45 [INFO] FAIcial - Flask 앱 실행 시작
2025-05-15 00:07:47 [INFO] FAIcial - 분석 요청 수신됨
2025-05-15 00:07:47 [DEBUG] FAIcial - 얼굴 랜드마크 추출 시도
2025-05-15 00:07:47 [DEBUG] FAIcial - 이미지 바이트 수신 및 디코딩 시도
2025-05-15 00:07:47 [DEBUG] FAIcial - OpenCV 이미지 디코딩 성공
2025-05-15 00:07:47 [DEBUG] FAIcial - 얼굴 랜드마크 감지 성공
2025-05-15 00:07:47 [DEBUG] FAIcial - 랜드마크 수: 478
2025-05-15 00:07:47 [DEBUG] FAIcial - 대칭률 계산 시작
2025-05-15 00:07:47 [DEBUG] FAIcial - 총 대칭률 점수: 11.65
2025-05-15 00:07:47 [DEBUG] FAIcial - 부위별 대칭률 점수: {'eyes': 0, 'mouth': np.float64(5.62), 'jaw': np.float64(34.05)}
2025-05-15 00:07:47 [DEBUG] FAIcial - 결과 이미지 시각화 시작
2025-05-15 00:07:47 [INFO] FAIcial - 결과 이미지 저장됨: outputs/result_20250515_000747.png
2025-05-15 00:07:47 [INFO] FAIcial - 분석 성공 및 응답 반환
2025-05-15 00:09:26 [INFO] FAIcial - Flask 앱 실행 시작
2025-05-15 00:09:28 [INFO] FAIcial - 분석 요청 수신됨
2025-05-15 00:09:28 [DEBUG] FAIcial - 얼굴 랜드마크 추출 시도
2025-05-15 00:09:28 [DEBUG] FAIcial - 이미지 바이트 수신 및 디코딩 시도
2025-05-15 00:09:28 [DEBUG] FAIcial - OpenCV 이미지 디코딩 성공
2025-05-15 00:09:28 [DEBUG] FAIcial - 얼굴 랜드마크 감지 성공
2025-05-15 00:09:28 [DEBUG] FAIcial - 랜드마크 수: 478
2025-05-15 00:09:28 [DEBUG] FAIcial - 대칭률 계산 시작
2025-05-15 00:09:28 [DEBUG] FAIcial - 총 대칭률 점수: 11.65
2025-05-15 00:09:28 [DEBUG] FAIcial - 부위별 대칭률 점수: {'eyes': 0, 'mouth': np.float64(5.62), 'jaw': np.float64(34.05)}
2025-05-15 00:09:28 [DEBUG] FAIcial - 결과 이미지 시각화 시작
2025-05-15 00:09:28 [INFO] FAIcial - 결과 이미지 저장됨: outputs/result_20250515_000928.png
2025-05-15 00:09:28 [INFO] FAIcial - 분석 성공 및 응답 반환
2025-05-15 00:12:18 [INFO] FAIcial - Flask 앱 실행 시작
2025-05-15 00:12:19 [INFO] FAIcial - 분석 요청 수신됨
2025-05-15 00:12:19 [DEBUG] FAIcial - 얼굴 랜드마크 추출 시도
2025-05-15 00:12:19 [DEBUG] FAIcial - 이미지 바이트 수신 및 디코딩 시도
2025-05-15 00:12:19 [DEBUG] FAIcial - OpenCV 이미지 디코딩 성공
2025-05-15 00:12:19 [DEBUG] FAIcial - 얼굴 랜드마크 감지 성공
2025-05-15 00:12:19 [DEBUG] FAIcial - 랜드마크 수: 478
2025-05-15 00:12:19 [DEBUG] FAIcial - 대칭률 계산 시작
2025-05-15 00:12:19 [DEBUG] FAIcial - 총 대칭률 점수: 11.65
2025-05-15 00:12:19 [DEBUG] FAIcial - 부위별 대칭률 점수: {'eyes': 0, 'mouth': np.float64(5.62), 'jaw': np.float64(34.05)}
2025-05-15 00:12:19 [DEBUG] FAIcial - 결과 이미지 시각화 시작
2025-05-15 00:12:20 [INFO] FAIcial - 결과 이미지 저장됨: outputs/result_20250515_001220.png
2025-05-15 00:12:20 [INFO] FAIcial - 분석 성공 및 응답 반환
2025-05-15 00:21:24 [INFO] FAIcial - 분석 요청 수신됨
2025-05-15 00:21:24 [DEBUG] FAIcial - 얼굴 랜드마크 추출 시도
2025-05-15 00:21:24 [DEBUG] FAIcial - 이미지 바이트 수신 및 디코딩 시도
2025-05-15 00:21:24 [DEBUG] FAIcial - OpenCV 이미지 디코딩 성공
2025-05-15 00:21:24 [DEBUG] FAIcial - 얼굴 랜드마크 감지 성공
2025-05-15 00:21:24 [DEBUG] FAIcial - 랜드마크 수: 478
2025-05-15 00:21:24 [DEBUG] FAIcial - 대칭률 계산 시작
2025-05-15 00:21:24 [DEBUG] FAIcial - 총 대칭률 점수: 87.4
2025-05-15 00:21:24 [DEBUG] FAIcial - 부위별 대칭률 점수: {'eyes': np.float64(93.47), 'mouth': np.float64(91.98), 'jaw': np.float64(76.73)}
2025-05-15 00:21:24 [DEBUG] FAIcial - 결과 이미지 시각화 시작
2025-05-15 00:21:25 [INFO] FAIcial - 결과 이미지 저장됨: outputs/result_20250515_002125.png
2025-05-15 00:21:25 [INFO] FAIcial - 분석 성공 및 응답 반환
2025-05-15 00:22:52 [INFO] FAIcial - 분석 요청 수신됨
2025-05-15 00:22:52 [DEBUG] FAIcial - 얼굴 랜드마크 추출 시도
2025-05-15 00:22:52 [DEBUG] FAIcial - 이미지 바이트 수신 및 디코딩 시도
2025-05-15 00:22:52 [DEBUG] FAIcial - OpenCV 이미지 디코딩 성공
2025-05-15 00:22:52 [DEBUG] FAIcial - 얼굴 랜드마크 감지 성공
2025-05-15 00:22:52 [DEBUG] FAIcial - 랜드마크 수: 478
2025-05-15 00:22:52 [DEBUG] FAIcial - 대칭률 계산 시작
2025-05-15 00:22:52 [DEBUG] FAIcial - 총 대칭률 점수: 41.01
2025-05-15 00:22:52 [DEBUG] FAIcial - 부위별 대칭률 점수: {'eyes': np.float64(65.93), 'mouth': np.float64(27.6), 'jaw': np.float64(29.51)}
2025-05-15 00:22:52 [DEBUG] FAIcial - 결과 이미지 시각화 시작
2025-05-15 00:22:53 [INFO] FAIcial - 결과 이미지 저장됨: outputs/result_20250515_002252.png
2025-05-15 00:22:54 [INFO] FAIcial - 분석 성공 및 응답 반환
2025-05-15 20:45:04 [INFO] FAIcial - Flask 앱 실행 시작
2025-05-15 20:45:09 [INFO] FAIcial - 분석 요청 수신됨
2025-05-15 20:45:09 [DEBUG] FAIcial - 얼굴 랜드마크 추출 시도
2025-05-15 20:45:09 [DEBUG] FAIcial - 이미지 바이트 수신 및 디코딩 시도
2025-05-15 20:45:09 [DEBUG] FAIcial - OpenCV 이미지 디코딩 성공
2025-05-15 20:45:09 [DEBUG] FAIcial - 얼굴 랜드마크 감지 성공
2025-05-15 20:45:09 [DEBUG] FAIcial - 랜드마크 수: 478
2025-05-15 20:45:09 [DEBUG] FAIcial - 대칭률 계산 시작
2025-05-15 20:45:09 [DEBUG] FAIcial - 총 대칭률 점수: 11.65
2025-05-15 20:45:09 [DEBUG] FAIcial - 부위별 대칭률 점수: {'eyes': 0, 'mouth': np.float64(5.62), 'jaw': np.float64(34.05)}
2025-05-15 20:45:09 [DEBUG] FAIcial - 결과 이미지 시각화 시작
2025-05-15 20:45:10 [INFO] FAIcial - 결과 이미지 저장됨: outputs/result_20250515_204509.png
2025-05-15 20:45:10 [INFO] FAIcial - 분석 성공 및 응답 반환
2025-05-15 20:49:04 [INFO] FAIcial - Flask 앱 실행 시작
2025-05-15 20:49:07 [INFO] FAIcial - 분석 요청 수신됨
2025-05-15 20:49:07 [DEBUG] FAIcial - 얼굴 랜드마크 추출 시도
2025-05-15 20:49:07 [DEBUG] FAIcial - 이미지 바이트 수신 및 디코딩 시도
2025-05-15 20:49:07 [DEBUG] FAIcial - OpenCV 이미지 디코딩 성공
2025-05-15 20:49:07 [DEBUG] FAIcial - 얼굴 랜드마크 감지 성공
2025-05-15 20:49:07 [DEBUG] FAIcial - 랜드마크 수: 478
2025-05-15 20:49:07 [DEBUG] FAIcial - 대칭률 계산 시작
2025-05-15 20:49:07 [DEBUG] FAIcial - 총 대칭률 점수: 11.65
2025-05-15 20:49:07 [DEBUG] FAIcial - 부위별 대칭률 점수: {'eyes': 0, 'mouth': np.float64(5.62), 'jaw': np.float64(34.05)}
2025-05-15 20:49:07 [DEBUG] FAIcial - 결과 이미지 시각화 시작
2025-05-15 20:49:07 [INFO] FAIcial - 결과 이미지 저장됨: outputs/result_20250515_204907.png
2025-05-15 20:49:07 [INFO] FAIcial - 분석 성공 및 응답 반환
